{"/Users/mikepo/Work/frontend-project-46/src/getData.js": {"path":"/Users/mikepo/Work/frontend-project-46/src/getData.js","all":false,"statementMap":{"0":{"start":{"line":1,"column":0},"end":{"line":1,"column":29}},"1":{"start":{"line":2,"column":0},"end":{"line":2,"column":39}},"2":{"start":{"line":3,"column":0},"end":{"line":3,"column":29}},"3":{"start":{"line":4,"column":0},"end":{"line":4,"column":0}},"4":{"start":{"line":5,"column":0},"end":{"line":5,"column":24}},"5":{"start":{"line":6,"column":0},"end":{"line":6,"column":38}},"6":{"start":{"line":7,"column":0},"end":{"line":7,"column":79}},"7":{"start":{"line":8,"column":0},"end":{"line":8,"column":72}},"8":{"start":{"line":9,"column":0},"end":{"line":9,"column":63}},"9":{"start":{"line":10,"column":0},"end":{"line":10,"column":29}},"10":{"start":{"line":11,"column":0},"end":{"line":11,"column":61}},"11":{"start":{"line":12,"column":0},"end":{"line":12,"column":0}},"12":{"start":{"line":13,"column":0},"end":{"line":13,"column":23}}},"s":{"0":1,"1":1,"2":1,"3":1,"4":1,"5":10,"6":1,"7":1,"8":1,"9":1,"10":1,"11":1,"12":1},"branchMap":{"0":{"type":"branch","line":5,"loc":{"start":{"line":5,"column":17},"end":{"line":7,"column":78}},"locations":[{"start":{"line":5,"column":17},"end":{"line":7,"column":78}}]},"1":{"type":"branch","line":7,"loc":{"start":{"line":7,"column":35},"end":{"line":7,"column":78}},"locations":[{"start":{"line":7,"column":35},"end":{"line":7,"column":78}}]},"2":{"type":"branch","line":8,"loc":{"start":{"line":8,"column":22},"end":{"line":8,"column":71}},"locations":[{"start":{"line":8,"column":22},"end":{"line":8,"column":71}}]},"3":{"type":"branch","line":9,"loc":{"start":{"line":9,"column":18},"end":{"line":9,"column":62}},"locations":[{"start":{"line":9,"column":18},"end":{"line":9,"column":62}}]},"4":{"type":"branch","line":10,"loc":{"start":{"line":10,"column":17},"end":{"line":11,"column":60}},"locations":[{"start":{"line":10,"column":17},"end":{"line":11,"column":60}}]}},"b":{"0":[10],"1":[0],"2":[10],"3":[10],"4":[10]},"fnMap":{"0":{"name":"getPath","decl":{"start":{"line":5,"column":17},"end":{"line":7,"column":78}},"loc":{"start":{"line":5,"column":17},"end":{"line":7,"column":78}},"line":5},"1":{"name":"getExtension","decl":{"start":{"line":8,"column":22},"end":{"line":8,"column":71}},"loc":{"start":{"line":8,"column":22},"end":{"line":8,"column":71}},"line":8},"2":{"name":"readFile","decl":{"start":{"line":9,"column":18},"end":{"line":9,"column":62}},"loc":{"start":{"line":9,"column":18},"end":{"line":9,"column":62}},"line":9},"3":{"name":"getData","decl":{"start":{"line":10,"column":17},"end":{"line":11,"column":60}},"loc":{"start":{"line":10,"column":17},"end":{"line":11,"column":60}},"line":10}},"f":{"0":10,"1":10,"2":10,"3":10}}
,"/Users/mikepo/Work/frontend-project-46/src/getDiff.js": {"path":"/Users/mikepo/Work/frontend-project-46/src/getDiff.js","all":false,"statementMap":{"0":{"start":{"line":1,"column":0},"end":{"line":1,"column":23}},"1":{"start":{"line":2,"column":0},"end":{"line":2,"column":0}},"2":{"start":{"line":3,"column":0},"end":{"line":3,"column":33}},"3":{"start":{"line":4,"column":0},"end":{"line":4,"column":34}},"4":{"start":{"line":5,"column":0},"end":{"line":5,"column":34}},"5":{"start":{"line":6,"column":0},"end":{"line":6,"column":53}},"6":{"start":{"line":7,"column":0},"end":{"line":7,"column":0}},"7":{"start":{"line":8,"column":0},"end":{"line":8,"column":36}},"8":{"start":{"line":9,"column":0},"end":{"line":9,"column":29}},"9":{"start":{"line":10,"column":0},"end":{"line":10,"column":29}},"10":{"start":{"line":11,"column":0},"end":{"line":11,"column":0}},"11":{"start":{"line":12,"column":0},"end":{"line":12,"column":61}},"12":{"start":{"line":13,"column":0},"end":{"line":13,"column":14}},"13":{"start":{"line":14,"column":0},"end":{"line":14,"column":23}},"14":{"start":{"line":15,"column":0},"end":{"line":15,"column":12}},"15":{"start":{"line":16,"column":0},"end":{"line":16,"column":42}},"16":{"start":{"line":17,"column":0},"end":{"line":17,"column":8}},"17":{"start":{"line":18,"column":0},"end":{"line":18,"column":5}},"18":{"start":{"line":19,"column":0},"end":{"line":19,"column":31}},"19":{"start":{"line":20,"column":0},"end":{"line":20,"column":14}},"20":{"start":{"line":21,"column":0},"end":{"line":21,"column":22}},"21":{"start":{"line":22,"column":0},"end":{"line":22,"column":12}},"22":{"start":{"line":23,"column":0},"end":{"line":23,"column":25}},"23":{"start":{"line":24,"column":0},"end":{"line":24,"column":8}},"24":{"start":{"line":25,"column":0},"end":{"line":25,"column":5}},"25":{"start":{"line":26,"column":0},"end":{"line":26,"column":31}},"26":{"start":{"line":27,"column":0},"end":{"line":27,"column":14}},"27":{"start":{"line":28,"column":0},"end":{"line":28,"column":24}},"28":{"start":{"line":29,"column":0},"end":{"line":29,"column":12}},"29":{"start":{"line":30,"column":0},"end":{"line":30,"column":25}},"30":{"start":{"line":31,"column":0},"end":{"line":31,"column":8}},"31":{"start":{"line":32,"column":0},"end":{"line":32,"column":5}},"32":{"start":{"line":33,"column":0},"end":{"line":33,"column":28}},"33":{"start":{"line":34,"column":0},"end":{"line":34,"column":14}},"34":{"start":{"line":35,"column":0},"end":{"line":35,"column":26}},"35":{"start":{"line":36,"column":0},"end":{"line":36,"column":12}},"36":{"start":{"line":37,"column":0},"end":{"line":37,"column":25}},"37":{"start":{"line":38,"column":0},"end":{"line":38,"column":26}},"38":{"start":{"line":39,"column":0},"end":{"line":39,"column":8}},"39":{"start":{"line":40,"column":0},"end":{"line":40,"column":5}},"40":{"start":{"line":41,"column":0},"end":{"line":41,"column":29}},"41":{"start":{"line":42,"column":0},"end":{"line":42,"column":12}},"42":{"start":{"line":43,"column":0},"end":{"line":43,"column":24}},"43":{"start":{"line":44,"column":0},"end":{"line":44,"column":10}},"44":{"start":{"line":45,"column":0},"end":{"line":45,"column":23}},"45":{"start":{"line":46,"column":0},"end":{"line":46,"column":6}},"46":{"start":{"line":47,"column":0},"end":{"line":47,"column":5}},"47":{"start":{"line":48,"column":0},"end":{"line":48,"column":16}},"48":{"start":{"line":49,"column":0},"end":{"line":49,"column":2}},"49":{"start":{"line":50,"column":0},"end":{"line":50,"column":0}},"50":{"start":{"line":51,"column":0},"end":{"line":51,"column":23}}},"s":{"0":1,"1":1,"2":1,"3":25,"4":25,"5":25,"6":25,"7":25,"8":90,"9":90,"10":90,"11":90,"12":20,"13":20,"14":20,"15":20,"16":20,"17":20,"18":90,"19":25,"20":25,"21":25,"22":25,"23":25,"24":25,"25":90,"26":10,"27":10,"28":10,"29":10,"30":10,"31":10,"32":90,"33":20,"34":20,"35":20,"36":20,"37":20,"38":20,"39":20,"40":15,"41":15,"42":15,"43":15,"44":15,"45":15,"46":25,"47":25,"48":25,"49":1,"50":1},"branchMap":{"0":{"type":"branch","line":3,"loc":{"start":{"line":3,"column":16},"end":{"line":49,"column":2}},"locations":[{"start":{"line":3,"column":16},"end":{"line":49,"column":2}}]},"1":{"type":"branch","line":8,"loc":{"start":{"line":8,"column":27},"end":{"line":47,"column":3}},"locations":[{"start":{"line":8,"column":27},"end":{"line":47,"column":3}}]},"2":{"type":"branch","line":12,"loc":{"start":{"line":12,"column":31},"end":{"line":12,"column":58}},"locations":[{"start":{"line":12,"column":31},"end":{"line":12,"column":58}}]},"3":{"type":"branch","line":12,"loc":{"start":{"line":12,"column":60},"end":{"line":18,"column":5}},"locations":[{"start":{"line":12,"column":60},"end":{"line":18,"column":5}}]},"4":{"type":"branch","line":18,"loc":{"start":{"line":18,"column":4},"end":{"line":19,"column":30}},"locations":[{"start":{"line":18,"column":4},"end":{"line":19,"column":30}}]},"5":{"type":"branch","line":19,"loc":{"start":{"line":19,"column":30},"end":{"line":25,"column":5}},"locations":[{"start":{"line":19,"column":30},"end":{"line":25,"column":5}}]},"6":{"type":"branch","line":25,"loc":{"start":{"line":25,"column":4},"end":{"line":26,"column":30}},"locations":[{"start":{"line":25,"column":4},"end":{"line":26,"column":30}}]},"7":{"type":"branch","line":26,"loc":{"start":{"line":26,"column":30},"end":{"line":32,"column":5}},"locations":[{"start":{"line":26,"column":30},"end":{"line":32,"column":5}}]},"8":{"type":"branch","line":32,"loc":{"start":{"line":32,"column":4},"end":{"line":33,"column":27}},"locations":[{"start":{"line":32,"column":4},"end":{"line":33,"column":27}}]},"9":{"type":"branch","line":33,"loc":{"start":{"line":33,"column":27},"end":{"line":40,"column":5}},"locations":[{"start":{"line":33,"column":27},"end":{"line":40,"column":5}}]},"10":{"type":"branch","line":40,"loc":{"start":{"line":40,"column":4},"end":{"line":47,"column":3}},"locations":[{"start":{"line":40,"column":4},"end":{"line":47,"column":3}}]}},"b":{"0":[25],"1":[90],"2":[30],"3":[20],"4":[70],"5":[25],"6":[45],"7":[10],"8":[35],"9":[20],"10":[15]},"fnMap":{"0":{"name":"getDiff","decl":{"start":{"line":3,"column":16},"end":{"line":49,"column":2}},"loc":{"start":{"line":3,"column":16},"end":{"line":49,"column":2}},"line":3}},"f":{"0":25}}
,"/Users/mikepo/Work/frontend-project-46/src/getFormat.js": {"path":"/Users/mikepo/Work/frontend-project-46/src/getFormat.js","all":false,"statementMap":{"0":{"start":{"line":1,"column":0},"end":{"line":1,"column":41}},"1":{"start":{"line":2,"column":0},"end":{"line":2,"column":37}},"2":{"start":{"line":3,"column":0},"end":{"line":3,"column":0}},"3":{"start":{"line":4,"column":0},"end":{"line":4,"column":37}},"4":{"start":{"line":5,"column":0},"end":{"line":5,"column":19}},"5":{"start":{"line":6,"column":0},"end":{"line":6,"column":19}},"6":{"start":{"line":7,"column":0},"end":{"line":7,"column":33}},"7":{"start":{"line":8,"column":0},"end":{"line":8,"column":17}},"8":{"start":{"line":9,"column":0},"end":{"line":9,"column":31}},"9":{"start":{"line":10,"column":0},"end":{"line":10,"column":16}},"10":{"start":{"line":11,"column":0},"end":{"line":11,"column":34}},"11":{"start":{"line":12,"column":0},"end":{"line":12,"column":12}},"12":{"start":{"line":13,"column":0},"end":{"line":13,"column":52}},"13":{"start":{"line":14,"column":0},"end":{"line":14,"column":3}},"14":{"start":{"line":15,"column":0},"end":{"line":15,"column":2}},"15":{"start":{"line":16,"column":0},"end":{"line":16,"column":0}},"16":{"start":{"line":17,"column":0},"end":{"line":17,"column":25}}},"s":{"0":1,"1":1,"2":1,"3":1,"4":5,"5":5,"6":3,"7":5,"8":1,"9":5,"10":1,"11":5,"12":0,"13":5,"14":5,"15":1,"16":1},"branchMap":{"0":{"type":"branch","line":4,"loc":{"start":{"line":4,"column":18},"end":{"line":15,"column":2}},"locations":[{"start":{"line":4,"column":18},"end":{"line":15,"column":2}}]},"1":{"type":"branch","line":6,"loc":{"start":{"line":6,"column":4},"end":{"line":7,"column":33}},"locations":[{"start":{"line":6,"column":4},"end":{"line":7,"column":33}}]},"2":{"type":"branch","line":8,"loc":{"start":{"line":8,"column":4},"end":{"line":9,"column":31}},"locations":[{"start":{"line":8,"column":4},"end":{"line":9,"column":31}}]},"3":{"type":"branch","line":10,"loc":{"start":{"line":10,"column":4},"end":{"line":11,"column":34}},"locations":[{"start":{"line":10,"column":4},"end":{"line":11,"column":34}}]},"4":{"type":"branch","line":12,"loc":{"start":{"line":12,"column":4},"end":{"line":13,"column":52}},"locations":[{"start":{"line":12,"column":4},"end":{"line":13,"column":52}}]}},"b":{"0":[5],"1":[3],"2":[1],"3":[1],"4":[0]},"fnMap":{"0":{"name":"getFormat","decl":{"start":{"line":4,"column":18},"end":{"line":15,"column":2}},"loc":{"start":{"line":4,"column":18},"end":{"line":15,"column":2}},"line":4}},"f":{"0":5}}
,"/Users/mikepo/Work/frontend-project-46/src/index.js": {"path":"/Users/mikepo/Work/frontend-project-46/src/index.js","all":false,"statementMap":{"0":{"start":{"line":1,"column":0},"end":{"line":1,"column":0}},"1":{"start":{"line":2,"column":0},"end":{"line":2,"column":32}},"2":{"start":{"line":3,"column":0},"end":{"line":3,"column":32}},"3":{"start":{"line":4,"column":0},"end":{"line":4,"column":35}},"4":{"start":{"line":5,"column":0},"end":{"line":5,"column":0}},"5":{"start":{"line":6,"column":0},"end":{"line":6,"column":63}},"6":{"start":{"line":7,"column":0},"end":{"line":7,"column":35}},"7":{"start":{"line":8,"column":0},"end":{"line":8,"column":35}},"8":{"start":{"line":9,"column":0},"end":{"line":9,"column":50}},"9":{"start":{"line":10,"column":0},"end":{"line":10,"column":2}},"10":{"start":{"line":11,"column":0},"end":{"line":11,"column":0}},"11":{"start":{"line":12,"column":0},"end":{"line":12,"column":23}}},"s":{"0":1,"1":1,"2":1,"3":1,"4":1,"5":1,"6":5,"7":5,"8":5,"9":5,"10":1,"11":1},"branchMap":{"0":{"type":"branch","line":6,"loc":{"start":{"line":6,"column":16},"end":{"line":10,"column":2}},"locations":[{"start":{"line":6,"column":16},"end":{"line":10,"column":2}}]}},"b":{"0":[5]},"fnMap":{"0":{"name":"genDiff","decl":{"start":{"line":6,"column":16},"end":{"line":10,"column":2}},"loc":{"start":{"line":6,"column":16},"end":{"line":10,"column":2}},"line":6}},"f":{"0":5}}
,"/Users/mikepo/Work/frontend-project-46/src/parser.js": {"path":"/Users/mikepo/Work/frontend-project-46/src/parser.js","all":false,"statementMap":{"0":{"start":{"line":1,"column":0},"end":{"line":1,"column":27}},"1":{"start":{"line":2,"column":0},"end":{"line":2,"column":0}},"2":{"start":{"line":3,"column":0},"end":{"line":3,"column":32}},"3":{"start":{"line":4,"column":0},"end":{"line":4,"column":17}},"4":{"start":{"line":5,"column":0},"end":{"line":5,"column":15}},"5":{"start":{"line":6,"column":0},"end":{"line":6,"column":16}},"6":{"start":{"line":7,"column":0},"end":{"line":7,"column":29}},"7":{"start":{"line":8,"column":0},"end":{"line":8,"column":16}},"8":{"start":{"line":9,"column":0},"end":{"line":9,"column":12}},"9":{"start":{"line":10,"column":0},"end":{"line":10,"column":30}},"10":{"start":{"line":11,"column":0},"end":{"line":11,"column":3}},"11":{"start":{"line":12,"column":0},"end":{"line":12,"column":2}},"12":{"start":{"line":13,"column":0},"end":{"line":13,"column":0}},"13":{"start":{"line":14,"column":0},"end":{"line":14,"column":21}}},"s":{"0":1,"1":1,"2":1,"3":10,"4":10,"5":10,"6":0,"7":10,"8":10,"9":10,"10":10,"11":10,"12":1,"13":1},"branchMap":{"0":{"type":"branch","line":3,"loc":{"start":{"line":3,"column":15},"end":{"line":12,"column":2}},"locations":[{"start":{"line":3,"column":15},"end":{"line":12,"column":2}}]},"1":{"type":"branch","line":5,"loc":{"start":{"line":5,"column":4},"end":{"line":5,"column":15}},"locations":[{"start":{"line":5,"column":4},"end":{"line":5,"column":15}}]},"2":{"type":"branch","line":6,"loc":{"start":{"line":6,"column":4},"end":{"line":7,"column":29}},"locations":[{"start":{"line":6,"column":4},"end":{"line":7,"column":29}}]},"3":{"type":"branch","line":8,"loc":{"start":{"line":8,"column":4},"end":{"line":8,"column":16}},"locations":[{"start":{"line":8,"column":4},"end":{"line":8,"column":16}}]}},"b":{"0":[10],"1":[0],"2":[0],"3":[0]},"fnMap":{"0":{"name":"parse","decl":{"start":{"line":3,"column":15},"end":{"line":12,"column":2}},"loc":{"start":{"line":3,"column":15},"end":{"line":12,"column":2}},"line":3}},"f":{"0":10}}
,"/Users/mikepo/Work/frontend-project-46/src/plain.js": {"path":"/Users/mikepo/Work/frontend-project-46/src/plain.js","all":false,"statementMap":{"0":{"start":{"line":1,"column":0},"end":{"line":1,"column":23}},"1":{"start":{"line":2,"column":0},"end":{"line":2,"column":0}},"2":{"start":{"line":3,"column":0},"end":{"line":3,"column":29}},"3":{"start":{"line":4,"column":0},"end":{"line":4,"column":56}},"4":{"start":{"line":5,"column":0},"end":{"line":5,"column":29}},"5":{"start":{"line":6,"column":0},"end":{"line":6,"column":3}},"6":{"start":{"line":7,"column":0},"end":{"line":7,"column":34}},"7":{"start":{"line":8,"column":0},"end":{"line":8,"column":24}},"8":{"start":{"line":9,"column":0},"end":{"line":9,"column":3}},"9":{"start":{"line":10,"column":0},"end":{"line":10,"column":20}},"10":{"start":{"line":11,"column":0},"end":{"line":11,"column":2}},"11":{"start":{"line":12,"column":0},"end":{"line":12,"column":0}},"12":{"start":{"line":13,"column":0},"end":{"line":13,"column":44}},"13":{"start":{"line":14,"column":0},"end":{"line":14,"column":34}},"14":{"start":{"line":15,"column":0},"end":{"line":15,"column":36}},"15":{"start":{"line":16,"column":0},"end":{"line":16,"column":27}},"16":{"start":{"line":17,"column":0},"end":{"line":17,"column":0}},"17":{"start":{"line":18,"column":0},"end":{"line":18,"column":32}},"18":{"start":{"line":19,"column":0},"end":{"line":19,"column":62}},"19":{"start":{"line":20,"column":0},"end":{"line":20,"column":5}},"20":{"start":{"line":21,"column":0},"end":{"line":21,"column":33}},"21":{"start":{"line":22,"column":0},"end":{"line":22,"column":57}},"22":{"start":{"line":23,"column":0},"end":{"line":23,"column":5}},"23":{"start":{"line":24,"column":0},"end":{"line":24,"column":31}},"24":{"start":{"line":25,"column":0},"end":{"line":25,"column":93}},"25":{"start":{"line":26,"column":0},"end":{"line":26,"column":5}},"26":{"start":{"line":27,"column":0},"end":{"line":27,"column":35}},"27":{"start":{"line":28,"column":0},"end":{"line":28,"column":119}},"28":{"start":{"line":29,"column":0},"end":{"line":29,"column":5}},"29":{"start":{"line":30,"column":0},"end":{"line":30,"column":16}},"30":{"start":{"line":31,"column":0},"end":{"line":31,"column":5}},"31":{"start":{"line":32,"column":0},"end":{"line":32,"column":0}},"32":{"start":{"line":33,"column":0},"end":{"line":33,"column":59}},"33":{"start":{"line":34,"column":0},"end":{"line":34,"column":2}},"34":{"start":{"line":35,"column":0},"end":{"line":35,"column":0}},"35":{"start":{"line":36,"column":0},"end":{"line":36,"column":27}}},"s":{"0":1,"1":1,"2":1,"3":13,"4":3,"5":3,"6":13,"7":7,"8":7,"9":3,"10":3,"11":1,"12":1,"13":5,"14":5,"15":18,"16":18,"17":18,"18":4,"19":4,"20":18,"21":2,"22":2,"23":18,"24":5,"25":5,"26":18,"27":4,"28":4,"29":3,"30":5,"31":5,"32":5,"33":5,"34":1,"35":1},"branchMap":{"0":{"type":"branch","line":3,"loc":{"start":{"line":3,"column":18},"end":{"line":11,"column":2}},"locations":[{"start":{"line":3,"column":18},"end":{"line":11,"column":2}}]},"1":{"type":"branch","line":4,"loc":{"start":{"line":4,"column":24},"end":{"line":4,"column":53}},"locations":[{"start":{"line":4,"column":24},"end":{"line":4,"column":53}}]},"2":{"type":"branch","line":4,"loc":{"start":{"line":4,"column":55},"end":{"line":6,"column":3}},"locations":[{"start":{"line":4,"column":55},"end":{"line":6,"column":3}}]},"3":{"type":"branch","line":6,"loc":{"start":{"line":6,"column":2},"end":{"line":7,"column":33}},"locations":[{"start":{"line":6,"column":2},"end":{"line":7,"column":33}}]},"4":{"type":"branch","line":7,"loc":{"start":{"line":7,"column":33},"end":{"line":9,"column":3}},"locations":[{"start":{"line":7,"column":33},"end":{"line":9,"column":3}}]},"5":{"type":"branch","line":9,"loc":{"start":{"line":9,"column":2},"end":{"line":11,"column":2}},"locations":[{"start":{"line":9,"column":2},"end":{"line":11,"column":2}}]},"6":{"type":"branch","line":13,"loc":{"start":{"line":13,"column":20},"end":{"line":34,"column":2}},"locations":[{"start":{"line":13,"column":20},"end":{"line":34,"column":2}}]},"7":{"type":"branch","line":15,"loc":{"start":{"line":15,"column":27},"end":{"line":31,"column":3}},"locations":[{"start":{"line":15,"column":27},"end":{"line":31,"column":3}}]},"8":{"type":"branch","line":18,"loc":{"start":{"line":18,"column":31},"end":{"line":20,"column":5}},"locations":[{"start":{"line":18,"column":31},"end":{"line":20,"column":5}}]},"9":{"type":"branch","line":20,"loc":{"start":{"line":20,"column":4},"end":{"line":21,"column":32}},"locations":[{"start":{"line":20,"column":4},"end":{"line":21,"column":32}}]},"10":{"type":"branch","line":21,"loc":{"start":{"line":21,"column":32},"end":{"line":23,"column":5}},"locations":[{"start":{"line":21,"column":32},"end":{"line":23,"column":5}}]},"11":{"type":"branch","line":23,"loc":{"start":{"line":23,"column":4},"end":{"line":24,"column":30}},"locations":[{"start":{"line":23,"column":4},"end":{"line":24,"column":30}}]},"12":{"type":"branch","line":24,"loc":{"start":{"line":24,"column":30},"end":{"line":26,"column":5}},"locations":[{"start":{"line":24,"column":30},"end":{"line":26,"column":5}}]},"13":{"type":"branch","line":26,"loc":{"start":{"line":26,"column":4},"end":{"line":27,"column":34}},"locations":[{"start":{"line":26,"column":4},"end":{"line":27,"column":34}}]},"14":{"type":"branch","line":27,"loc":{"start":{"line":27,"column":34},"end":{"line":29,"column":5}},"locations":[{"start":{"line":27,"column":34},"end":{"line":29,"column":5}}]},"15":{"type":"branch","line":29,"loc":{"start":{"line":29,"column":4},"end":{"line":31,"column":3}},"locations":[{"start":{"line":29,"column":4},"end":{"line":31,"column":3}}]},"16":{"type":"branch","line":33,"loc":{"start":{"line":33,"column":24},"end":{"line":33,"column":46}},"locations":[{"start":{"line":33,"column":24},"end":{"line":33,"column":46}}]}},"b":{"0":[13],"1":[10],"2":[3],"3":[10],"4":[7],"5":[3],"6":[5],"7":[18],"8":[4],"9":[14],"10":[2],"11":[12],"12":[5],"13":[7],"14":[4],"15":[3],"16":[18]},"fnMap":{"0":{"name":"addChild","decl":{"start":{"line":3,"column":18},"end":{"line":11,"column":2}},"loc":{"start":{"line":3,"column":18},"end":{"line":11,"column":2}},"line":3},"1":{"name":"plainFormat","decl":{"start":{"line":13,"column":20},"end":{"line":34,"column":2}},"loc":{"start":{"line":13,"column":20},"end":{"line":34,"column":2}},"line":13}},"f":{"0":13,"1":5}}
,"/Users/mikepo/Work/frontend-project-46/src/stylish.js": {"path":"/Users/mikepo/Work/frontend-project-46/src/stylish.js","all":false,"statementMap":{"0":{"start":{"line":1,"column":0},"end":{"line":1,"column":23}},"1":{"start":{"line":2,"column":0},"end":{"line":2,"column":0}},"2":{"start":{"line":3,"column":0},"end":{"line":3,"column":61}},"3":{"start":{"line":4,"column":0},"end":{"line":4,"column":43}},"4":{"start":{"line":5,"column":0},"end":{"line":5,"column":0}},"5":{"start":{"line":6,"column":0},"end":{"line":6,"column":37}},"6":{"start":{"line":7,"column":0},"end":{"line":7,"column":27}},"7":{"start":{"line":8,"column":0},"end":{"line":8,"column":17}},"8":{"start":{"line":9,"column":0},"end":{"line":9,"column":3}},"9":{"start":{"line":10,"column":0},"end":{"line":10,"column":34}},"10":{"start":{"line":11,"column":0},"end":{"line":11,"column":36}},"11":{"start":{"line":12,"column":0},"end":{"line":12,"column":30}},"12":{"start":{"line":13,"column":0},"end":{"line":13,"column":78}},"13":{"start":{"line":14,"column":0},"end":{"line":14,"column":5}},"14":{"start":{"line":15,"column":0},"end":{"line":15,"column":59}},"15":{"start":{"line":16,"column":0},"end":{"line":16,"column":2}},"16":{"start":{"line":17,"column":0},"end":{"line":17,"column":0}},"17":{"start":{"line":18,"column":0},"end":{"line":18,"column":34}},"18":{"start":{"line":19,"column":0},"end":{"line":19,"column":37}},"19":{"start":{"line":20,"column":0},"end":{"line":20,"column":42}},"20":{"start":{"line":21,"column":0},"end":{"line":21,"column":38}},"21":{"start":{"line":22,"column":0},"end":{"line":22,"column":63}},"22":{"start":{"line":23,"column":0},"end":{"line":23,"column":27}},"23":{"start":{"line":24,"column":0},"end":{"line":24,"column":19}},"24":{"start":{"line":25,"column":0},"end":{"line":25,"column":36}},"25":{"start":{"line":26,"column":0},"end":{"line":26,"column":7}},"26":{"start":{"line":27,"column":0},"end":{"line":27,"column":41}},"27":{"start":{"line":28,"column":0},"end":{"line":28,"column":65}},"28":{"start":{"line":29,"column":0},"end":{"line":29,"column":27}},"29":{"start":{"line":30,"column":0},"end":{"line":30,"column":15}},"30":{"start":{"line":31,"column":0},"end":{"line":31,"column":12}},"31":{"start":{"line":32,"column":0},"end":{"line":32,"column":7}},"32":{"start":{"line":33,"column":0},"end":{"line":33,"column":39}},"33":{"start":{"line":34,"column":0},"end":{"line":34,"column":65}},"34":{"start":{"line":35,"column":0},"end":{"line":35,"column":27}},"35":{"start":{"line":36,"column":0},"end":{"line":36,"column":15}},"36":{"start":{"line":37,"column":0},"end":{"line":37,"column":12}},"37":{"start":{"line":38,"column":0},"end":{"line":38,"column":7}},"38":{"start":{"line":39,"column":0},"end":{"line":39,"column":37}},"39":{"start":{"line":40,"column":0},"end":{"line":40,"column":65}},"40":{"start":{"line":41,"column":0},"end":{"line":41,"column":27}},"41":{"start":{"line":42,"column":0},"end":{"line":42,"column":15}},"42":{"start":{"line":43,"column":0},"end":{"line":43,"column":12}},"43":{"start":{"line":44,"column":0},"end":{"line":44,"column":7}},"44":{"start":{"line":45,"column":0},"end":{"line":45,"column":63}},"45":{"start":{"line":46,"column":0},"end":{"line":46,"column":25}},"46":{"start":{"line":47,"column":0},"end":{"line":47,"column":13}},"47":{"start":{"line":48,"column":0},"end":{"line":48,"column":59}},"48":{"start":{"line":49,"column":0},"end":{"line":49,"column":26}},"49":{"start":{"line":50,"column":0},"end":{"line":50,"column":13}},"50":{"start":{"line":51,"column":0},"end":{"line":51,"column":10}},"51":{"start":{"line":52,"column":0},"end":{"line":52,"column":7}},"52":{"start":{"line":53,"column":0},"end":{"line":53,"column":0}},"53":{"start":{"line":54,"column":0},"end":{"line":54,"column":29}},"54":{"start":{"line":55,"column":0},"end":{"line":55,"column":4}},"55":{"start":{"line":56,"column":0},"end":{"line":56,"column":32}},"56":{"start":{"line":57,"column":0},"end":{"line":57,"column":2}},"57":{"start":{"line":58,"column":0},"end":{"line":58,"column":0}},"58":{"start":{"line":59,"column":0},"end":{"line":59,"column":29}}},"s":{"0":1,"1":1,"2":1,"3":1,"4":1,"5":1,"6":81,"7":60,"8":60,"9":21,"10":21,"11":27,"12":27,"13":21,"14":21,"15":21,"16":1,"17":1,"18":3,"19":15,"20":54,"21":12,"22":12,"23":12,"24":12,"25":12,"26":54,"27":9,"28":9,"29":9,"30":9,"31":9,"32":54,"33":6,"34":6,"35":6,"36":6,"37":6,"38":54,"39":15,"40":15,"41":15,"42":15,"43":15,"44":12,"45":12,"46":12,"47":12,"48":12,"49":12,"50":12,"51":15,"52":15,"53":15,"54":3,"55":3,"56":3,"57":1,"58":1},"branchMap":{"0":{"type":"branch","line":3,"loc":{"start":{"line":3,"column":18},"end":{"line":4,"column":42}},"locations":[{"start":{"line":3,"column":18},"end":{"line":4,"column":42}}]},"1":{"type":"branch","line":6,"loc":{"start":{"line":6,"column":18},"end":{"line":16,"column":2}},"locations":[{"start":{"line":6,"column":18},"end":{"line":16,"column":2}}]},"2":{"type":"branch","line":7,"loc":{"start":{"line":7,"column":26},"end":{"line":9,"column":3}},"locations":[{"start":{"line":7,"column":26},"end":{"line":9,"column":3}}]},"3":{"type":"branch","line":9,"loc":{"start":{"line":9,"column":2},"end":{"line":16,"column":2}},"locations":[{"start":{"line":9,"column":2},"end":{"line":16,"column":2}}]},"4":{"type":"branch","line":11,"loc":{"start":{"line":11,"column":27},"end":{"line":14,"column":3}},"locations":[{"start":{"line":11,"column":27},"end":{"line":14,"column":3}}]},"5":{"type":"branch","line":18,"loc":{"start":{"line":18,"column":23},"end":{"line":57,"column":2}},"locations":[{"start":{"line":18,"column":23},"end":{"line":57,"column":2}}]},"6":{"type":"branch","line":19,"loc":{"start":{"line":19,"column":15},"end":{"line":55,"column":3}},"locations":[{"start":{"line":19,"column":15},"end":{"line":55,"column":3}}]},"7":{"type":"branch","line":20,"loc":{"start":{"line":20,"column":29},"end":{"line":52,"column":5}},"locations":[{"start":{"line":20,"column":29},"end":{"line":52,"column":5}}]},"8":{"type":"branch","line":21,"loc":{"start":{"line":21,"column":37},"end":{"line":26,"column":7}},"locations":[{"start":{"line":21,"column":37},"end":{"line":26,"column":7}}]},"9":{"type":"branch","line":26,"loc":{"start":{"line":26,"column":6},"end":{"line":27,"column":40}},"locations":[{"start":{"line":26,"column":6},"end":{"line":27,"column":40}}]},"10":{"type":"branch","line":27,"loc":{"start":{"line":27,"column":40},"end":{"line":32,"column":7}},"locations":[{"start":{"line":27,"column":40},"end":{"line":32,"column":7}}]},"11":{"type":"branch","line":32,"loc":{"start":{"line":32,"column":6},"end":{"line":33,"column":38}},"locations":[{"start":{"line":32,"column":6},"end":{"line":33,"column":38}}]},"12":{"type":"branch","line":33,"loc":{"start":{"line":33,"column":38},"end":{"line":38,"column":7}},"locations":[{"start":{"line":33,"column":38},"end":{"line":38,"column":7}}]},"13":{"type":"branch","line":38,"loc":{"start":{"line":38,"column":6},"end":{"line":39,"column":36}},"locations":[{"start":{"line":38,"column":6},"end":{"line":39,"column":36}}]},"14":{"type":"branch","line":39,"loc":{"start":{"line":39,"column":36},"end":{"line":44,"column":7}},"locations":[{"start":{"line":39,"column":36},"end":{"line":44,"column":7}}]},"15":{"type":"branch","line":44,"loc":{"start":{"line":44,"column":6},"end":{"line":52,"column":5}},"locations":[{"start":{"line":44,"column":6},"end":{"line":52,"column":5}}]}},"b":{"0":[126],"1":[81],"2":[60],"3":[21],"4":[27],"5":[3],"6":[15],"7":[54],"8":[12],"9":[42],"10":[9],"11":[33],"12":[6],"13":[27],"14":[15],"15":[12]},"fnMap":{"0":{"name":"getIndent","decl":{"start":{"line":3,"column":18},"end":{"line":4,"column":42}},"loc":{"start":{"line":3,"column":18},"end":{"line":4,"column":42}},"line":3},"1":{"name":"stringify","decl":{"start":{"line":6,"column":18},"end":{"line":16,"column":2}},"loc":{"start":{"line":6,"column":18},"end":{"line":16,"column":2}},"line":6},"2":{"name":"stylishFormat","decl":{"start":{"line":18,"column":23},"end":{"line":57,"column":2}},"loc":{"start":{"line":18,"column":23},"end":{"line":57,"column":2}},"line":18},"3":{"name":"iter","decl":{"start":{"line":19,"column":15},"end":{"line":55,"column":3}},"loc":{"start":{"line":19,"column":15},"end":{"line":55,"column":3}},"line":19}},"f":{"0":126,"1":81,"2":3,"3":15}}
}
