TN:
SF:src/getData.js
FN:5,getPath
FN:8,getExtension
FN:9,readFile
FN:10,getData
FNF:4
FNH:4
FNDA:10,getPath
FNDA:10,getExtension
FNDA:10,readFile
FNDA:10,getData
DA:1,1
DA:2,1
DA:3,1
DA:4,1
DA:5,1
DA:6,10
DA:7,1
DA:8,1
DA:9,1
DA:10,1
DA:11,1
DA:12,1
DA:13,1
LF:13
LH:13
BRDA:5,0,0,10
BRDA:7,1,0,0
BRDA:8,2,0,10
BRDA:9,3,0,10
BRDA:10,4,0,10
BRF:5
BRH:4
end_of_record
TN:
SF:src/getDiff.js
FN:3,getDiff
FNF:1
FNH:1
FNDA:25,getDiff
DA:1,1
DA:2,1
DA:3,1
DA:4,25
DA:5,25
DA:6,25
DA:7,25
DA:8,25
DA:9,90
DA:10,90
DA:11,90
DA:12,90
DA:13,20
DA:14,20
DA:15,20
DA:16,20
DA:17,20
DA:18,20
DA:19,90
DA:20,25
DA:21,25
DA:22,25
DA:23,25
DA:24,25
DA:25,25
DA:26,90
DA:27,10
DA:28,10
DA:29,10
DA:30,10
DA:31,10
DA:32,10
DA:33,90
DA:34,20
DA:35,20
DA:36,20
DA:37,20
DA:38,20
DA:39,20
DA:40,20
DA:41,15
DA:42,15
DA:43,15
DA:44,15
DA:45,15
DA:46,15
DA:47,25
DA:48,25
DA:49,25
DA:50,1
DA:51,1
LF:51
LH:51
BRDA:3,0,0,25
BRDA:8,1,0,90
BRDA:12,2,0,30
BRDA:12,3,0,20
BRDA:18,4,0,70
BRDA:19,5,0,25
BRDA:25,6,0,45
BRDA:26,7,0,10
BRDA:32,8,0,35
BRDA:33,9,0,20
BRDA:40,10,0,15
BRF:11
BRH:11
end_of_record
TN:
SF:src/getFormat.js
FN:4,getFormat
FNF:1
FNH:1
FNDA:5,getFormat
DA:1,1
DA:2,1
DA:3,1
DA:4,1
DA:5,5
DA:6,5
DA:7,3
DA:8,5
DA:9,1
DA:10,5
DA:11,1
DA:12,5
DA:13,0
DA:14,5
DA:15,5
DA:16,1
DA:17,1
LF:17
LH:16
BRDA:4,0,0,5
BRDA:6,1,0,3
BRDA:8,2,0,1
BRDA:10,3,0,1
BRDA:12,4,0,0
BRF:5
BRH:4
end_of_record
TN:
SF:src/index.js
FN:6,genDiff
FNF:1
FNH:1
FNDA:5,genDiff
DA:1,1
DA:2,1
DA:3,1
DA:4,1
DA:5,1
DA:6,1
DA:7,5
DA:8,5
DA:9,5
DA:10,5
DA:11,1
DA:12,1
LF:12
LH:12
BRDA:6,0,0,5
BRF:1
BRH:1
end_of_record
TN:
SF:src/parser.js
FN:3,parse
FNF:1
FNH:1
FNDA:10,parse
DA:1,1
DA:2,1
DA:3,1
DA:4,10
DA:5,10
DA:6,10
DA:7,0
DA:8,10
DA:9,10
DA:10,10
DA:11,10
DA:12,10
DA:13,1
DA:14,1
LF:14
LH:13
BRDA:3,0,0,10
BRDA:5,1,0,0
BRDA:6,2,0,0
BRDA:8,3,0,0
BRF:4
BRH:1
end_of_record
TN:
SF:src/plain.js
FN:3,addChild
FN:13,plainFormat
FNF:2
FNH:2
FNDA:13,addChild
FNDA:5,plainFormat
DA:1,1
DA:2,1
DA:3,1
DA:4,13
DA:5,3
DA:6,3
DA:7,13
DA:8,7
DA:9,7
DA:10,3
DA:11,3
DA:12,1
DA:13,1
DA:14,5
DA:15,5
DA:16,18
DA:17,18
DA:18,18
DA:19,4
DA:20,4
DA:21,18
DA:22,2
DA:23,2
DA:24,18
DA:25,5
DA:26,5
DA:27,18
DA:28,4
DA:29,4
DA:30,3
DA:31,5
DA:32,5
DA:33,5
DA:34,5
DA:35,1
DA:36,1
LF:36
LH:36
BRDA:3,0,0,13
BRDA:4,1,0,10
BRDA:4,2,0,3
BRDA:6,3,0,10
BRDA:7,4,0,7
BRDA:9,5,0,3
BRDA:13,6,0,5
BRDA:15,7,0,18
BRDA:18,8,0,4
BRDA:20,9,0,14
BRDA:21,10,0,2
BRDA:23,11,0,12
BRDA:24,12,0,5
BRDA:26,13,0,7
BRDA:27,14,0,4
BRDA:29,15,0,3
BRDA:33,16,0,18
BRF:17
BRH:17
end_of_record
TN:
SF:src/stylish.js
FN:3,getIndent
FN:6,stringify
FN:18,stylishFormat
FN:19,iter
FNF:4
FNH:4
FNDA:126,getIndent
FNDA:81,stringify
FNDA:3,stylishFormat
FNDA:15,iter
DA:1,1
DA:2,1
DA:3,1
DA:4,1
DA:5,1
DA:6,1
DA:7,81
DA:8,60
DA:9,60
DA:10,21
DA:11,21
DA:12,27
DA:13,27
DA:14,21
DA:15,21
DA:16,21
DA:17,1
DA:18,1
DA:19,3
DA:20,15
DA:21,54
DA:22,12
DA:23,12
DA:24,12
DA:25,12
DA:26,12
DA:27,54
DA:28,9
DA:29,9
DA:30,9
DA:31,9
DA:32,9
DA:33,54
DA:34,6
DA:35,6
DA:36,6
DA:37,6
DA:38,6
DA:39,54
DA:40,15
DA:41,15
DA:42,15
DA:43,15
DA:44,15
DA:45,12
DA:46,12
DA:47,12
DA:48,12
DA:49,12
DA:50,12
DA:51,12
DA:52,15
DA:53,15
DA:54,15
DA:55,3
DA:56,3
DA:57,3
DA:58,1
DA:59,1
LF:59
LH:59
BRDA:3,0,0,126
BRDA:6,1,0,81
BRDA:7,2,0,60
BRDA:9,3,0,21
BRDA:11,4,0,27
BRDA:18,5,0,3
BRDA:19,6,0,15
BRDA:20,7,0,54
BRDA:21,8,0,12
BRDA:26,9,0,42
BRDA:27,10,0,9
BRDA:32,11,0,33
BRDA:33,12,0,6
BRDA:38,13,0,27
BRDA:39,14,0,15
BRDA:44,15,0,12
BRF:16
BRH:16
end_of_record
