TN:
SF:src/getDiff.js
FN:3,getDiff
FNF:1
FNH:1
FNDA:25,getDiff
DA:1,1
DA:2,1
DA:3,1
DA:4,25
DA:5,25
DA:6,25
DA:7,25
DA:8,25
DA:9,90
DA:10,90
DA:11,90
DA:12,90
DA:13,20
DA:14,20
DA:15,20
DA:16,20
DA:17,20
DA:18,20
DA:19,90
DA:20,25
DA:21,25
DA:22,25
DA:23,25
DA:24,25
DA:25,25
DA:26,90
DA:27,10
DA:28,10
DA:29,10
DA:30,10
DA:31,10
DA:32,10
DA:33,90
DA:34,20
DA:35,20
DA:36,20
DA:37,20
DA:38,20
DA:39,20
DA:40,20
DA:41,15
DA:42,15
DA:43,15
DA:44,15
DA:45,15
DA:46,15
DA:47,25
DA:48,25
DA:49,25
DA:50,1
DA:51,1
LF:51
LH:51
BRDA:3,0,0,25
BRDA:8,1,0,90
BRDA:12,2,0,30
BRDA:12,3,0,20
BRDA:18,4,0,70
BRDA:19,5,0,25
BRDA:25,6,0,45
BRDA:26,7,0,10
BRDA:32,8,0,35
BRDA:33,9,0,20
BRDA:40,10,0,15
BRF:11
BRH:11
end_of_record
TN:
SF:src/getFormat.js
FN:6,getFormat
FNF:1
FNH:1
FNDA:5,getFormat
DA:1,1
DA:2,1
DA:3,1
DA:4,1
DA:5,1
DA:6,1
DA:7,5
DA:8,5
DA:9,3
DA:10,5
DA:11,1
DA:12,5
DA:13,1
DA:14,5
DA:15,0
DA:16,5
DA:17,5
DA:18,1
DA:19,1
LF:19
LH:18
BRDA:6,0,0,5
BRDA:8,1,0,3
BRDA:10,2,0,1
BRDA:12,3,0,1
BRDA:14,4,0,0
BRF:5
BRH:4
end_of_record
TN:
SF:src/index.js
FN:11,getPath
FN:12,getExtension
FN:14,genDiff
FNF:3
FNH:3
FNDA:10,getPath
FNDA:10,getExtension
FNDA:5,genDiff
DA:1,1
DA:2,1
DA:3,1
DA:4,1
DA:5,1
DA:6,1
DA:7,1
DA:8,1
DA:9,1
DA:10,1
DA:11,1
DA:12,1
DA:13,1
DA:14,1
DA:15,5
DA:16,5
DA:17,5
DA:18,5
DA:19,1
DA:20,1
LF:20
LH:20
BRDA:11,0,0,10
BRDA:12,1,0,10
BRDA:14,2,0,5
BRF:3
BRH:3
end_of_record
TN:
SF:src/parser.js
FN:3,parser
FNF:1
FNH:1
FNDA:10,parser
DA:1,1
DA:2,1
DA:3,1
DA:4,10
DA:5,10
DA:6,10
DA:7,6
DA:8,10
DA:9,10
DA:10,4
DA:11,10
DA:12,10
DA:13,1
DA:14,1
LF:14
LH:14
BRDA:3,0,0,10
BRDA:5,1,0,6
BRDA:6,2,0,6
BRDA:8,3,0,4
BRDA:9,4,0,4
BRF:5
BRH:5
end_of_record
TN:
SF:src/plain.js
FN:3,addChild
FN:12,plainFormat
FNF:2
FNH:2
FNDA:13,addChild
FNDA:5,plainFormat
DA:1,1
DA:2,1
DA:3,1
DA:4,13
DA:5,3
DA:6,3
DA:7,13
DA:8,7
DA:9,7
DA:10,3
DA:11,3
DA:12,1
DA:13,5
DA:14,5
DA:15,18
DA:16,18
DA:17,4
DA:18,4
DA:19,18
DA:20,2
DA:21,2
DA:22,18
DA:23,5
DA:24,5
DA:25,18
DA:26,4
DA:27,4
DA:28,3
DA:29,5
DA:30,5
DA:31,5
DA:32,1
DA:33,1
LF:33
LH:33
BRDA:3,0,0,13
BRDA:4,1,0,10
BRDA:4,2,0,3
BRDA:6,3,0,10
BRDA:7,4,0,7
BRDA:9,5,0,3
BRDA:12,6,0,5
BRDA:14,7,0,18
BRDA:16,8,0,4
BRDA:18,9,0,14
BRDA:19,10,0,2
BRDA:21,11,0,12
BRDA:22,12,0,5
BRDA:24,13,0,7
BRDA:25,14,0,4
BRDA:27,15,0,3
BRDA:30,16,0,18
BRF:17
BRH:17
end_of_record
TN:
SF:src/stylish.js
FN:3,addIndent
FN:5,stringify
FN:17,stylishFormat
FN:18,iter
FNF:4
FNH:4
FNDA:126,addIndent
FNDA:81,stringify
FNDA:3,stylishFormat
FNDA:15,iter
DA:1,1
DA:2,1
DA:3,1
DA:4,1
DA:5,1
DA:6,81
DA:7,60
DA:8,60
DA:9,21
DA:10,21
DA:11,27
DA:12,27
DA:13,21
DA:14,21
DA:15,21
DA:16,1
DA:17,1
DA:18,3
DA:19,15
DA:20,54
DA:21,12
DA:22,12
DA:23,12
DA:24,12
DA:25,12
DA:26,54
DA:27,9
DA:28,9
DA:29,9
DA:30,9
DA:31,9
DA:32,54
DA:33,6
DA:34,6
DA:35,6
DA:36,6
DA:37,6
DA:38,54
DA:39,15
DA:40,15
DA:41,15
DA:42,15
DA:43,15
DA:44,12
DA:45,12
DA:46,12
DA:47,12
DA:48,12
DA:49,12
DA:50,12
DA:51,15
DA:52,15
DA:53,15
DA:54,3
DA:55,3
DA:56,3
DA:57,1
DA:58,1
LF:58
LH:58
BRDA:3,0,0,126
BRDA:5,1,0,81
BRDA:6,2,0,60
BRDA:8,3,0,21
BRDA:10,4,0,27
BRDA:17,5,0,3
BRDA:18,6,0,15
BRDA:19,7,0,54
BRDA:20,8,0,12
BRDA:25,9,0,42
BRDA:26,10,0,9
BRDA:31,11,0,33
BRDA:32,12,0,6
BRDA:37,13,0,27
BRDA:38,14,0,15
BRDA:43,15,0,12
BRF:16
BRH:16
end_of_record
